<?xml version="1.0" encoding="UTF-8"?>
<testsuite xmlns:xsi="http://www.w3.org/2001/XMLSchema-instance" xsi:noNamespaceSchemaLocation="https://maven.apache.org/surefire/maven-surefire-plugin/xsd/surefire-test-report-3.0.xsd" version="3.0" name="com.security.incident.mcp.service.CiscoIseMcpServerTest" time="0.68" tests="2" errors="0" skipped="0" failures="0">
  <properties>
[...]
</properties>
  <testcase name="testGetSecurityLogs" classname="com.security.incident.mcp.service.CiscoIseMcpServerTest" time="0.657">
    <system-out><![CDATA[01:40:43.129 [main] INFO com.security.incident.mcp.service.CiscoIseMcpServer -- [MCP:ISE] getSecurityLogs called – count=5, severity=ALL
]]></system-out>
    <system-err><![CDATA[WARNING: A Java agent has been loaded dynamically (/Users/saurabhkumar/.m2/repository/net/bytebuddy/byte-buddy-agent/1.14.19/byte-buddy-agent-1.14.19.jar)
WARNING: If a serviceability tool is in use, please run with -XX:+EnableDynamicAgentLoading to hide this warning
WARNING: If a serviceability tool is not in use, please run with -Djdk.instrument.traceUsage for more information
WARNING: Dynamic loading of agents will be disallowed by default in a future release
]]></system-err>
  </testcase>
  <testcase name="testGetEndpointStatus" classname="com.security.incident.mcp.service.CiscoIseMcpServerTest" time="0.001">
    <system-out><![CDATA[01:40:43.141 [main] INFO com.security.incident.mcp.service.CiscoIseMcpServer -- [MCP:ISE] getEndpointStatus called – ip=1.2.3.4
]]></system-out>
  </testcase>
</testsuite>